Using pre-set license
Built from '2020.3/china_unity/release' branch; Version is '2020.3.19f1c1 (d3d381ef40a9) revision 13882241'; Using compiler version '192528614'; Build Type 'Release'
OS: 'Windows 10 Pro; OS build 19043.1237; Version 2009; 64bit' Language: 'zh' Physical Memory: 16233 MB
BatchMode: 1, IsHumanControllingUs: 0, StartBugReporterOnCrash: 0, Is64bit: 1, IsPro: 0

COMMAND LINE ARGUMENTS:
F:\unity\2020.3.19f1c1\Editor\Unity.exe
-adb2
-batchMode
-noUpm
-name
AssetImportWorker0
-projectPath
E:/unity/New Unity Project
-logFile
Logs/AssetImportWorker0.log
-srvPort
56856
Successfully changed project path to: E:/unity/New Unity Project
E:/unity/New Unity Project
Using Asset Import Pipeline V2.
AS: AutoStreaming module initializing.Refreshing native plugins compatible for Editor in 18.03 ms, found 0 plugins.
Preloading 0 native plugins for Editor in 0.00 ms.
Initialize engine version: 2020.3.19f1c1 (d3d381ef40a9)
[Subsystems] Discovering subsystems at path F:/unity/2020.3.19f1c1/Editor/Data/Resources/UnitySubsystems
[Subsystems] Discovering subsystems at path E:/unity/New Unity Project/Assets
GfxDevice: creating device client; threaded=0
Direct3D:
    Version:  Direct3D 11.0 [level 11.1]
    Renderer: NVIDIA GeForce GT 1030 (ID=0x1d01)
    Vendor:   
    VRAM:     1982 MB
    Driver:   30.0.14.7111
Initialize mono
Mono path[0] = 'F:/unity/2020.3.19f1c1/Editor/Data/Managed'
Mono path[1] = 'F:/unity/2020.3.19f1c1/Editor/Data/MonoBleedingEdge/lib/mono/unityjit'
Mono config path = 'F:/unity/2020.3.19f1c1/Editor/Data/MonoBleedingEdge/etc'
Using monoOptions --debugger-agent=transport=dt_socket,embedding=1,server=y,suspend=n,address=127.0.0.1:56692
Begin MonoManager ReloadAssembly
Registering precompiled unity dll's ...
Register platform support module: F:/unity/2020.3.19f1c1/Editor/Data/PlaybackEngines/WindowsStandaloneSupport/UnityEditor.WindowsStandalone.Extensions.dll
Registered in 0.000973 seconds.
Native extension for WindowsStandalone target not found
Refreshing native plugins compatible for Editor in 17.85 ms, found 0 plugins.
Preloading 0 native plugins for Editor in 0.00 ms.
Mono: successfully reloaded assembly
- Completed reload, in  1.034 seconds
Domain Reload Profiling:
	ReloadAssembly (1034ms)
		BeginReloadAssembly (38ms)
			ExecutionOrderSort (0ms)
			DisableScriptedObjects (0ms)
			BackupInstance (0ms)
			ReleaseScriptingObjects (0ms)
			CreateAndSetChildDomain (1ms)
		EndReloadAssembly (318ms)
			LoadAssemblies (37ms)
			RebuildTransferFunctionScriptingTraits (0ms)
			SetupTypeCache (125ms)
			ReleaseScriptCaches (0ms)
			RebuildScriptCaches (23ms)
			SetupLoadedEditorAssemblies (116ms)
				LogAssemblyErrors (0ms)
				InitializePlatformSupportModulesInManaged (3ms)
				SetLoadedEditorAssemblies (0ms)
				RefreshPlugins (18ms)
				BeforeProcessingInitializeOnLoad (7ms)
				ProcessInitializeOnLoadAttributes (65ms)
				ProcessInitializeOnLoadMethodAttributes (23ms)
				AfterProcessingInitializeOnLoad (0ms)
				EditorAssembliesLoaded (0ms)
			ExecutionOrderSort2 (0ms)
			AwakeInstancesAfterBackupRestoration (0ms)
Platform modules already initialized, skipping
Registering precompiled user dll's ...
Registered in 0.001709 seconds.
Begin MonoManager ReloadAssembly
Native extension for WindowsStandalone target not found
Refreshing native plugins compatible for Editor in 0.26 ms, found 0 plugins.
Preloading 0 native plugins for Editor in 0.00 ms.
Mono: successfully reloaded assembly
- Completed reload, in  0.746 seconds
Domain Reload Profiling:
	ReloadAssembly (747ms)
		BeginReloadAssembly (111ms)
			ExecutionOrderSort (0ms)
			DisableScriptedObjects (4ms)
			BackupInstance (0ms)
			ReleaseScriptingObjects (0ms)
			CreateAndSetChildDomain (15ms)
		EndReloadAssembly (592ms)
			LoadAssemblies (62ms)
			RebuildTransferFunctionScriptingTraits (0ms)
			SetupTypeCache (215ms)
			ReleaseScriptCaches (0ms)
			RebuildScriptCaches (32ms)
			SetupLoadedEditorAssemblies (207ms)
				LogAssemblyErrors (0ms)
				InitializePlatformSupportModulesInManaged (4ms)
				SetLoadedEditorAssemblies (1ms)
				RefreshPlugins (0ms)
				BeforeProcessingInitializeOnLoad (38ms)
				ProcessInitializeOnLoadAttributes (159ms)
				ProcessInitializeOnLoadMethodAttributes (4ms)
				AfterProcessingInitializeOnLoad (2ms)
				EditorAssembliesLoaded (0ms)
			ExecutionOrderSort2 (0ms)
			AwakeInstancesAfterBackupRestoration (5ms)
Platform modules already initialized, skipping
========================================================================
Worker process is ready to serve import requests
Launched and connected shader compiler UnityShaderCompiler.exe after 0.05 seconds
Refreshing native plugins compatible for Editor in 0.37 ms, found 0 plugins.
Preloading 0 native plugins for Editor in 0.00 ms.
Unloading 1262 Unused Serialized files (Serialized files now loaded: 0)
System memory in use before: 61.5 MB.
System memory in use after: 61.6 MB.

Unloading 15 unused Assets to reduce memory usage. Loaded Objects now: 1699.
Total: 2.809700 ms (FindLiveObjects: 0.221500 ms CreateObjectMapping: 0.084900 ms MarkObjects: 2.439800 ms  DeleteObjects: 0.062100 ms)

AssetImportParameters requested are different than current active one (requested -> active):
  custom:framework-win-MediaFoundation: 216162199b28c13a410421893ffa2e32 -> 
  custom:video-decoder-ogg-theora: a1e56fd34408186e4bbccfd4996cb3dc -> 
  custom:container-muxer-webm: aa71ff27fc2769a1b78a27578f13a17b -> 
  custom:container-demuxer-webm: 4f35f7cbe854078d1ac9338744f61a02 -> 
  custom:container-demuxer-ogg: 62fdf1f143b41e24485cea50d1cbac27 -> 
  custom:video-encoder-webm-vp8: eb34c28f22e8b96e1ab97ce403110664 -> 
  custom:video-decoder-webm-vp8: 9c59270c3fd7afecdb556c50c9e8de78 -> 
  custom:audio-decoder-ogg-vorbis: bf7c407c2cedff20999df2af8eb42d56 -> 
  custom:audio-encoder-webm-vorbis: bf7c407c2cedff20999df2af8eb42d56 -> 
========================================================================
Received Import Request.
  path: Assets/Scenes/New Folder
  artifactKey: Guid(c07444dc75e88154288eaf352f0ea39f) Importer(815301076,1909f56bfc062723c751e8b465ee728b)
Start importing Assets/Scenes/New Folder using Guid(c07444dc75e88154288eaf352f0ea39f) Importer(815301076,1909f56bfc062723c751e8b465ee728b)  -> (artifact id: 'eee3eb094239151799b47409f62b468a') in 0.004056 seconds 
  Import took 0.005759 seconds .

========================================================================
Received Import Request.
  Time since last request: 0.490950 seconds.
  path: Assets/Scenes/Lotus
  artifactKey: Guid(c07444dc75e88154288eaf352f0ea39f) Importer(815301076,1909f56bfc062723c751e8b465ee728b)
Start importing Assets/Scenes/Lotus using Guid(c07444dc75e88154288eaf352f0ea39f) Importer(815301076,1909f56bfc062723c751e8b465ee728b)  -> (artifact id: '0398b9028212cf273a76281f7b56c8cf') in 0.001241 seconds 
  Import took 0.002961 seconds .

========================================================================
Received Import Request.
  Time since last request: 6.672207 seconds.
  path: Assets/Scenes/Lotus/Lotus.stl
  artifactKey: Guid(0f7894dc04613694aa5557874aac9a0f) Importer(815301076,1909f56bfc062723c751e8b465ee728b)
Start importing Assets/Scenes/Lotus/Lotus.stl using Guid(0f7894dc04613694aa5557874aac9a0f) Importer(815301076,1909f56bfc062723c751e8b465ee728b)  -> (artifact id: 'b7bcde8b7a566019efbd8b86756b8c6d') in 0.023198 seconds 
  Import took 0.024984 seconds .

========================================================================
Received Import Request.
  Time since last request: 406.888978 seconds.
  path: Assets/Scenes/Lotus/AnyConv.com__Lotus.obj
  artifactKey: Guid(45e1211106a222342aaddaec8db24af9) Importer(815301076,1909f56bfc062723c751e8b465ee728b)
Start importing Assets/Scenes/Lotus/AnyConv.com__Lotus.obj using Guid(45e1211106a222342aaddaec8db24af9) Importer(815301076,1909f56bfc062723c751e8b465ee728b)  -> (artifact id: 'd5f83961aa1fd0039b045b54a94077aa') in 0.431226 seconds 
  Import took 0.448677 seconds .

========================================================================
Received Import Request.
  Time since last request: 392.233770 seconds.
  path: Assets/Scenes/Lotus/New Material.mat
  artifactKey: Guid(eb05a7dc76025de4db5756210f974167) Importer(815301076,1909f56bfc062723c751e8b465ee728b)
Start importing Assets/Scenes/Lotus/New Material.mat using Guid(eb05a7dc76025de4db5756210f974167) Importer(815301076,1909f56bfc062723c751e8b465ee728b)  -> (artifact id: 'ce3caf3666304085075fc84a82f927ae') in 0.038410 seconds 
  Import took 0.041001 seconds .

========================================================================
Received Import Request.
  Time since last request: 35.198296 seconds.
  path: Assets/Scenes/Lotus/New Material.mat
  artifactKey: Guid(eb05a7dc76025de4db5756210f974167) Importer(815301076,1909f56bfc062723c751e8b465ee728b)
Start importing Assets/Scenes/Lotus/New Material.mat using Guid(eb05a7dc76025de4db5756210f974167) Importer(815301076,1909f56bfc062723c751e8b465ee728b)  -> (artifact id: '50a5c5f745d153153dcdda088ed1fb5e') in 0.008213 seconds 
  Import took 0.010262 seconds .

========================================================================
Received Import Request.
  Time since last request: 7.621176 seconds.
  path: Assets/Scenes
  artifactKey: Guid(28d77940ce380184dbc9b23ee83d598f) Importer(815301076,1909f56bfc062723c751e8b465ee728b)
Start importing Assets/Scenes using Guid(28d77940ce380184dbc9b23ee83d598f) Importer(815301076,1909f56bfc062723c751e8b465ee728b)  -> (artifact id: 'c25271f7405e121e2b43bf7e0d90fa30') in 0.001221 seconds 
  Import took 0.003023 seconds .

========================================================================
Received Import Request.
  Time since last request: 9.651907 seconds.
  path: Assets/Scenes/New Material.mat
  artifactKey: Guid(5213c2ce9def1cf42ab6a6b6db3fc1bf) Importer(815301076,1909f56bfc062723c751e8b465ee728b)
Start importing Assets/Scenes/New Material.mat using Guid(5213c2ce9def1cf42ab6a6b6db3fc1bf) Importer(815301076,1909f56bfc062723c751e8b465ee728b)  -> (artifact id: '513187cb7429f34679df0f3cf88abac8') in 0.009650 seconds 
  Import took 0.012092 seconds .

========================================================================
Received Import Request.
  Time since last request: 442.202775 seconds.
  path: Assets/Scenes/Lotus/Lotus.png
  artifactKey: Guid(403b4277638c6964aaaae32d941be8de) Importer(815301076,1909f56bfc062723c751e8b465ee728b)
Start importing Assets/Scenes/Lotus/Lotus.png using Guid(403b4277638c6964aaaae32d941be8de) Importer(815301076,1909f56bfc062723c751e8b465ee728b)  -> (artifact id: '77c92875ed06de3b6234511a41821a23') in 0.032171 seconds 
  Import took 0.043921 seconds .

========================================================================
Received Prepare
Registering precompiled user dll's ...
Registered in 0.001684 seconds.
Begin MonoManager ReloadAssembly
Native extension for WindowsStandalone target not found
Refreshing native plugins compatible for Editor in 0.30 ms, found 0 plugins.
Preloading 0 native plugins for Editor in 0.00 ms.
Mono: successfully reloaded assembly
- Completed reload, in  0.719 seconds
Domain Reload Profiling:
	ReloadAssembly (719ms)
		BeginReloadAssembly (83ms)
			ExecutionOrderSort (0ms)
			DisableScriptedObjects (3ms)
			BackupInstance (0ms)
			ReleaseScriptingObjects (0ms)
			CreateAndSetChildDomain (27ms)
		EndReloadAssembly (590ms)
			LoadAssemblies (64ms)
			RebuildTransferFunctionScriptingTraits (0ms)
			SetupTypeCache (222ms)
			ReleaseScriptCaches (1ms)
			RebuildScriptCaches (29ms)
			SetupLoadedEditorAssemblies (198ms)
				LogAssemblyErrors (0ms)
				InitializePlatformSupportModulesInManaged (4ms)
				SetLoadedEditorAssemblies (0ms)
				RefreshPlugins (0ms)
				BeforeProcessingInitializeOnLoad (35ms)
				ProcessInitializeOnLoadAttributes (152ms)
				ProcessInitializeOnLoadMethodAttributes (4ms)
				AfterProcessingInitializeOnLoad (2ms)
				EditorAssembliesLoaded (0ms)
			ExecutionOrderSort2 (0ms)
			AwakeInstancesAfterBackupRestoration (5ms)
Platform modules already initialized, skipping
Refreshing native plugins compatible for Editor in 0.22 ms, found 0 plugins.
Preloading 0 native plugins for Editor in 0.00 ms.
Unloading 1256 Unused Serialized files (Serialized files now loaded: 0)
System memory in use before: 64.9 MB.
System memory in use after: 65.0 MB.

Unloading 10 unused Assets to reduce memory usage. Loaded Objects now: 1745.
Total: 1.935900 ms (FindLiveObjects: 0.138800 ms CreateObjectMapping: 0.037500 ms MarkObjects: 1.745300 ms  DeleteObjects: 0.012900 ms)

AssetImportParameters requested are different than current active one (requested -> active):
  custom:framework-win-MediaFoundation: 216162199b28c13a410421893ffa2e32 -> 
  custom:video-decoder-ogg-theora: a1e56fd34408186e4bbccfd4996cb3dc -> 
  custom:container-muxer-webm: aa71ff27fc2769a1b78a27578f13a17b -> 
  custom:container-demuxer-webm: 4f35f7cbe854078d1ac9338744f61a02 -> 
  custom:container-demuxer-ogg: 62fdf1f143b41e24485cea50d1cbac27 -> 
  custom:video-encoder-webm-vp8: eb34c28f22e8b96e1ab97ce403110664 -> 
  custom:video-decoder-webm-vp8: 9c59270c3fd7afecdb556c50c9e8de78 -> 
  custom:audio-decoder-ogg-vorbis: bf7c407c2cedff20999df2af8eb42d56 -> 
  custom:audio-encoder-webm-vorbis: bf7c407c2cedff20999df2af8eb42d56 -> 
========================================================================
Received Import Request.
  Time since last request: 756.333451 seconds.
  path: Assets/Scenes/Lotus/New Animation.anim
  artifactKey: Guid(85ea8f438cb1ad747b368dd155f5899f) Importer(815301076,1909f56bfc062723c751e8b465ee728b)
Start importing Assets/Scenes/Lotus/New Animation.anim using Guid(85ea8f438cb1ad747b368dd155f5899f) Importer(815301076,1909f56bfc062723c751e8b465ee728b)  -> (artifact id: '42480c1c543fd459c62b204ddac8b2db') in 0.014866 seconds 
  Import took 0.017456 seconds .

========================================================================
Received Import Request.
  Time since last request: 52.217557 seconds.
  path: Assets/Scenes/Lotus/Lotus.png
  artifactKey: Guid(403b4277638c6964aaaae32d941be8de) Importer(815301076,1909f56bfc062723c751e8b465ee728b)
Start importing Assets/Scenes/Lotus/Lotus.png using Guid(403b4277638c6964aaaae32d941be8de) Importer(815301076,1909f56bfc062723c751e8b465ee728b)  -> (artifact id: 'e3bd5cb5c5739b665baf64b895703fb6') in 0.035120 seconds 
  Import took 0.037447 seconds .

========================================================================
Received Import Request.
  Time since last request: 9.975617 seconds.
  path: Assets/Scenes/Lotus/Lotus.png
  artifactKey: Guid(403b4277638c6964aaaae32d941be8de) Importer(815301076,1909f56bfc062723c751e8b465ee728b)
Start importing Assets/Scenes/Lotus/Lotus.png using Guid(403b4277638c6964aaaae32d941be8de) Importer(815301076,1909f56bfc062723c751e8b465ee728b)  -> (artifact id: '57530abbadf986c9c104ebb48f71551c') in 0.007155 seconds 
  Import took 0.009377 seconds .

AssetImportWorkerClient::OnTransportError - code=2 error=End of file
